
Gurobi 7.0.2 (win64, Python) logging started 06/21/18 12:29:13

Optimize a model with 2 rows, 4 columns and 4 nonzeros
Variable types: 3 continuous, 1 integer (1 binary)
Coefficient statistics:
  Matrix range     [1e+00, 1e+01]
  Objective range  [1e-02, 1e+00]
  Bounds range     [1e+00, 1e+03]
  RHS range        [1e+01, 1e+01]
Found heuristic solution: objective 1.00996e+30
Presolve time: 0.00s

Explored 0 nodes (0 simplex iterations) in 0.02 seconds
Thread count was 1 (of 4 available processors)

Solution count 1: 1.00996e+30 
Pool objective bound 0

Model is unbounded
Best objective 1.009955986504e+30, best bound -, gap -
Optimize a model with 2 rows, 5 columns and 4 nonzeros
Model has 4 quadratic constraints
Variable types: 3 continuous, 2 integer (2 binary)
Coefficient statistics:
  Matrix range     [1e+00, 1e+01]
  QMatrix range    [1e+00, 1e+00]
  Objective range  [2e-02, 1e+00]
  Bounds range     [1e+00, 1e+03]
  RHS range        [0e+00, 0e+00]
Presolve time: 0.02s
Presolved: 12 rows, 9 columns, 34 nonzeros
Variable types: 7 continuous, 2 integer (2 binary)

Root relaxation: objective 8.082946e+00, 7 iterations, 0.01 seconds

    Nodes    |    Current Node    |     Objective Bounds      |     Work
 Expl Unexpl |  Obj  Depth IntInf | Incumbent    BestBd   Gap | It/Node Time

     0     0    8.08295    0    2          -    8.08295      -     -    0s
H    0     0                      -0.0000000    8.08295      -     -    0s
     0     0    0.16589    0    1   -0.00000    0.16589      -     -    0s

Cutting planes:
  Gomory: 1
  MIR: 2
  Flow cover: 1

Explored 0 nodes (12 simplex iterations) in 0.16 seconds
Thread count was 4 (of 4 available processors)

Solution count 1: -0 
Pool objective bound -0

Optimal solution found (tolerance 1.00e-04)
Best objective -0.000000000000e+00, best bound -0.000000000000e+00, gap 0.0000%
Optimize a model with 6 rows, 5 columns and 12 nonzeros
Variable types: 3 continuous, 2 integer (2 binary)
Coefficient statistics:
  Matrix range     [1e+00, 1e+01]
  Objective range  [3e-03, 1e+00]
  Bounds range     [1e+00, 1e+03]
  RHS range        [1e+01, 1e+01]
Presolve removed 6 rows and 5 columns
Presolve time: 0.00s
Presolve: All rows and columns removed

Explored 0 nodes (0 simplex iterations) in 0.01 seconds
Thread count was 1 (of 4 available processors)

Solution count 1: 12.0389 
Pool objective bound 12.0389

Optimal solution found (tolerance 1.00e-04)
Best objective 1.203890503541e+01, best bound 1.203890503541e+01, gap 0.0000%
Optimize a model with 2 rows, 5 columns and 4 nonzeros
Model has 4 quadratic constraints
Variable types: 3 continuous, 2 integer (2 binary)
Coefficient statistics:
  Matrix range     [1e+00, 1e+01]
  QMatrix range    [1e+00, 1e+00]
  Objective range  [7e-03, 1e+00]
  Bounds range     [1e+00, 1e+03]
  RHS range        [0e+00, 0e+00]
Presolve time: 0.00s
Presolved: 10 rows, 9 columns, 32 nonzeros
Variable types: 7 continuous, 2 integer (2 binary)

Root relaxation: objective 8.055651e+00, 9 iterations, 0.00 seconds

    Nodes    |    Current Node    |     Objective Bounds      |     Work
 Expl Unexpl |  Obj  Depth IntInf | Incumbent    BestBd   Gap | It/Node Time

     0     0    8.05565    0    2          -    8.05565      -     -    0s
H    0     0                      -0.0000000    8.05565      -     -    0s
     0     0    4.92879    0    1   -0.00000    4.92879      -     -    0s
*    0     0               0       0.0834765    0.08348  0.00%     -    0s

Cutting planes:
  Gomory: 1
  Implied bound: 1
  MIR: 1
  Flow cover: 2

Explored 0 nodes (14 simplex iterations) in 0.06 seconds
Thread count was 4 (of 4 available processors)

Solution count 2: 0.0834765 -0 
Pool objective bound 0.0834765

Optimal solution found (tolerance 1.00e-04)
Best objective 8.347654843366e-02, best bound 8.347654843366e-02, gap 0.0000%
Optimize a model with 2 rows, 5 columns and 4 nonzeros
Model has 4 quadratic constraints
Variable types: 3 continuous, 2 integer (2 binary)
Coefficient statistics:
  Matrix range     [1e+00, 1e+01]
  QMatrix range    [1e+00, 1e+00]
  Objective range  [4e-03, 1e+00]
  Bounds range     [1e+00, 1e+03]
  RHS range        [0e+00, 0e+00]
Presolve time: 0.00s
Presolved: 10 rows, 9 columns, 32 nonzeros
Variable types: 7 continuous, 2 integer (2 binary)

Root relaxation: objective 8.033146e+00, 6 iterations, 0.00 seconds

    Nodes    |    Current Node    |     Objective Bounds      |     Work
 Expl Unexpl |  Obj  Depth IntInf | Incumbent    BestBd   Gap | It/Node Time

     0     0    8.03315    0    2          -    8.03315      -     -    0s
H    0     0                      -0.0000000    8.03315      -     -    0s
     0     0    4.87705    0    1   -0.00000    4.87705      -     -    0s
*    0     0               0       0.0497188    0.04972  0.00%     -    0s

Cutting planes:
  Gomory: 1
  Implied bound: 1
  MIR: 1
  Flow cover: 2

Explored 0 nodes (10 simplex iterations) in 0.04 seconds
Thread count was 4 (of 4 available processors)

Solution count 2: 0.0497188 -0 
Pool objective bound 0.0497188

Optimal solution found (tolerance 1.00e-04)
Best objective 4.971881468836e-02, best bound 4.971881468836e-02, gap 0.0000%
Optimize a model with 6 rows, 5 columns and 12 nonzeros
Model has 4 quadratic constraints
Variable types: 3 continuous, 2 integer (2 binary)
Coefficient statistics:
  Matrix range     [1e+00, 1e+01]
  QMatrix range    [1e+00, 1e+01]
  Objective range  [8e-04, 1e+00]
  Bounds range     [1e+00, 1e+03]
  RHS range        [1e+01, 1e+01]
Presolve removed 2 rows and 1 columns
Presolve time: 0.00s
Presolved: 14 rows, 8 columns, 38 nonzeros
Variable types: 6 continuous, 2 integer (2 binary)

Root relaxation: objective 1.200000e+01, 3 iterations, 0.00 seconds

    Nodes    |    Current Node    |     Objective Bounds      |     Work
 Expl Unexpl |  Obj  Depth IntInf | Incumbent    BestBd   Gap | It/Node Time

*    0     0               0      12.0000000   12.00000  0.00%     -    0s

Explored 0 nodes (3 simplex iterations) in 0.03 seconds
Thread count was 4 (of 4 available processors)

Solution count 1: 12 
Pool objective bound 12

Optimal solution found (tolerance 1.00e-04)
Best objective 1.200000000000e+01, best bound 1.200000000000e+01, gap 0.0000%
Optimize a model with 10 rows, 5 columns and 24 nonzeros
Variable types: 3 continuous, 2 integer (2 binary)
Coefficient statistics:
  Matrix range     [1e+00, 1e+01]
  Objective range  [8e-03, 1e+00]
  Bounds range     [1e+00, 1e+03]
  RHS range        [1e+01, 1e+01]
Presolve removed 10 rows and 5 columns
Presolve time: 0.00s
Presolve: All rows and columns removed

Explored 0 nodes (0 simplex iterations) in 0.01 seconds
Thread count was 1 (of 4 available processors)

Solution count 1: 12 
Pool objective bound 12

Optimal solution found (tolerance 1.00e-04)
Best objective 1.200000000000e+01, best bound 1.200000000000e+01, gap 0.0000%
Optimize a model with 0 rows, 5 columns and 0 nonzeros
Model has 2 general constraints
Variable types: 3 continuous, 2 integer (2 binary)
Coefficient statistics:
  Matrix range     [0e+00, 0e+00]
  Objective range  [5e-03, 1e+00]
  Bounds range     [1e+00, 1e+03]
  RHS range        [0e+00, 0e+00]
Presolve removed 1 rows and 3 columns
Presolve time: 0.00s
Presolved: 3 rows, 6 columns, 7 nonzeros
Presolved model has 2 SOS constraint(s)
Variable types: 4 continuous, 2 integer (2 binary)

Root relaxation: unbounded, 0 iterations, 0.00 seconds

    Nodes    |    Current Node    |     Objective Bounds      |     Work
 Expl Unexpl |  Obj  Depth IntInf | Incumbent    BestBd   Gap | It/Node Time

     0     2  postponed    0               -          -      -     -    0s
*    1     0               1       4.5194347          -      -   2.0    0s

Explored 3 nodes (3 simplex iterations) in 0.05 seconds
Thread count was 4 (of 4 available processors)

Solution count 1: 4.51943 
Pool objective bound 4.51943

Optimal solution found (tolerance 1.00e-04)
Best objective 4.519434696019e+00, best bound 4.519434696019e+00, gap 0.0000%
Optimize a model with 0 rows, 5 columns and 0 nonzeros
Model has 2 general constraints
Variable types: 3 continuous, 2 integer (2 binary)
Coefficient statistics:
  Matrix range     [0e+00, 0e+00]
  Objective range  [1e-02, 1e+00]
  Bounds range     [1e+00, 1e+03]
  RHS range        [0e+00, 0e+00]
Presolve removed 1 rows and 3 columns
Presolve time: 0.00s
Presolved: 3 rows, 6 columns, 7 nonzeros
Presolved model has 2 SOS constraint(s)
Variable types: 4 continuous, 2 integer (2 binary)

Root relaxation: unbounded, 0 iterations, 0.00 seconds

    Nodes    |    Current Node    |     Objective Bounds      |     Work
 Expl Unexpl |  Obj  Depth IntInf | Incumbent    BestBd   Gap | It/Node Time

     0     2  postponed    0               -          -      -     -    0s
*    1     0               1       9.5254173          -      -   2.0    0s

Explored 3 nodes (3 simplex iterations) in 0.06 seconds
Thread count was 4 (of 4 available processors)

Solution count 1: 9.52542 
Pool objective bound 9.52542

Optimal solution found (tolerance 1.00e-04)
Best objective 9.525417334792e+00, best bound 9.525417334792e+00, gap 0.0000%
Optimize a model with 0 rows, 5 columns and 0 nonzeros
Model has 2 general constraints
Variable types: 3 continuous, 2 integer (2 binary)
Coefficient statistics:
  Matrix range     [0e+00, 0e+00]
  Objective range  [9e-05, 1e+00]
  Bounds range     [1e+00, 1e+03]
  RHS range        [0e+00, 0e+00]
Presolve removed 2 rows and 5 columns
Presolve time: 0.00s
Presolve: All rows and columns removed

Explored 0 nodes (0 simplex iterations) in 0.01 seconds
Thread count was 1 (of 4 available processors)

Solution count 1: -0 
Pool objective bound -0

Optimal solution found (tolerance 1.00e-04)
Best objective -0.000000000000e+00, best bound -0.000000000000e+00, gap 0.0000%
Optimize a model with 12 rows, 5 columns and 28 nonzeros
Variable types: 3 continuous, 2 integer (2 binary)
Coefficient statistics:
  Matrix range     [1e+00, 1e+01]
  Objective range  [6e-03, 1e+00]
  Bounds range     [1e+00, 1e+03]
  RHS range        [1e+01, 1e+01]
Presolve removed 4 rows and 0 columns
Presolve time: 0.00s
Presolved: 8 rows, 5 columns, 18 nonzeros
Variable types: 3 continuous, 2 integer (2 binary)
Found heuristic solution: objective -0.0000000

Root relaxation: objective 7.103055e-02, 4 iterations, 0.00 seconds

    Nodes    |    Current Node    |     Objective Bounds      |     Work
 Expl Unexpl |  Obj  Depth IntInf | Incumbent    BestBd   Gap | It/Node Time

*    0     0               0       0.0710306    0.07103  0.00%     -    0s

Explored 0 nodes (4 simplex iterations) in 0.02 seconds
Thread count was 4 (of 4 available processors)

Solution count 2: 0.0710306 -0 
Pool objective bound 0.0710306

Optimal solution found (tolerance 1.00e-04)
Best objective 7.103055231159e-02, best bound 7.103055231159e-02, gap 0.0000%
Optimize a model with 12 rows, 7 columns and 28 nonzeros
Variable types: 3 continuous, 4 integer (4 binary)
Coefficient statistics:
  Matrix range     [1e+00, 1e+01]
  Objective range  [7e-03, 1e+00]
  Bounds range     [1e+00, 1e+03]
  RHS range        [1e+01, 1e+01]
Presolve time: 0.00s
Presolved: 12 rows, 7 columns, 28 nonzeros
Variable types: 3 continuous, 4 integer (4 binary)
Found heuristic solution: objective 12.0832261

Explored 0 nodes (0 simplex iterations) in 0.02 seconds
Thread count was 4 (of 4 available processors)

Solution count 1: 12.0832 
Pool objective bound 12.0832

Optimal solution found (tolerance 1.00e-04)
Best objective 1.208322606346e+01, best bound 1.208322606346e+01, gap 0.0000%
Optimize a model with 12 rows, 7 columns and 28 nonzeros
Variable types: 3 continuous, 4 integer (4 binary)
Coefficient statistics:
  Matrix range     [1e+00, 1e+01]
  Objective range  [7e-03, 1e+00]
  Bounds range     [1e+00, 1e+03]
  RHS range        [1e+01, 1e+01]
Presolve time: 0.00s
Presolved: 12 rows, 7 columns, 28 nonzeros
Variable types: 3 continuous, 4 integer (4 binary)
Found heuristic solution: objective 12.0835704

Explored 0 nodes (0 simplex iterations) in 0.01 seconds
Thread count was 4 (of 4 available processors)

Solution count 1: 12.0836 
Pool objective bound 12.0836

Optimal solution found (tolerance 1.00e-04)
Best objective 1.208357044627e+01, best bound 1.208357044627e+01, gap 0.0000%
Optimize a model with 12 rows, 5 columns and 28 nonzeros
Variable types: 3 continuous, 2 integer (2 binary)
Coefficient statistics:
  Matrix range     [1e+00, 1e+01]
  Objective range  [2e-02, 1e+00]
  Bounds range     [1e+00, 1e+03]
  RHS range        [1e+01, 1e+01]
Presolve removed 4 rows and 0 columns
Presolve time: 0.00s
Presolved: 8 rows, 5 columns, 18 nonzeros
Variable types: 3 continuous, 2 integer (2 binary)
Found heuristic solution: objective -0.0000000

Root relaxation: objective 2.167283e-01, 4 iterations, 0.00 seconds

    Nodes    |    Current Node    |     Objective Bounds      |     Work
 Expl Unexpl |  Obj  Depth IntInf | Incumbent    BestBd   Gap | It/Node Time

*    0     0               0       0.2167283    0.21673  0.00%     -    0s

Explored 0 nodes (4 simplex iterations) in 0.02 seconds
Thread count was 4 (of 4 available processors)

Solution count 2: 0.216728 -0 
Pool objective bound 0.216728

Optimal solution found (tolerance 1.00e-04)
Best objective 2.167283429974e-01, best bound 2.167283429974e-01, gap 0.0000%
Optimize a model with 0 rows, 5 columns and 0 nonzeros
Model has 2 general constraints
Variable types: 3 continuous, 2 integer (2 binary)
Coefficient statistics:
  Matrix range     [0e+00, 0e+00]
  Objective range  [2e-02, 1e+00]
  Bounds range     [1e+00, 1e+03]
  RHS range        [0e+00, 0e+00]
Presolve removed 1 rows and 3 columns
Presolve time: 0.00s
Presolved: 3 rows, 6 columns, 7 nonzeros
Presolved model has 2 SOS constraint(s)
Variable types: 4 continuous, 2 integer (2 binary)

Root relaxation: unbounded, 0 iterations, 0.00 seconds

    Nodes    |    Current Node    |     Objective Bounds      |     Work
 Expl Unexpl |  Obj  Depth IntInf | Incumbent    BestBd   Gap | It/Node Time

     0     2  postponed    0               -          -      -     -    0s
*    1     0               1      18.3529881          -      -   2.0    0s

Explored 3 nodes (3 simplex iterations) in 0.04 seconds
Thread count was 4 (of 4 available processors)

Solution count 1: 18.353 
Pool objective bound 18.353

Optimal solution found (tolerance 1.00e-04)
Best objective 1.835298805405e+01, best bound 1.835298805405e+01, gap 0.0000%
Optimize a model with 0 rows, 5 columns and 0 nonzeros
Model has 2 general constraints
Variable types: 3 continuous, 2 integer (2 binary)
Coefficient statistics:
  Matrix range     [0e+00, 0e+00]
  Objective range  [1e-02, 1e+00]
  Bounds range     [1e+00, 1e+03]
  RHS range        [0e+00, 0e+00]
Presolve removed 2 rows and 5 columns
Presolve time: 0.00s
Presolve: All rows and columns removed

Explored 0 nodes (0 simplex iterations) in 0.01 seconds
Thread count was 1 (of 4 available processors)

Solution count 1: -0 
Pool objective bound -0

Optimal solution found (tolerance 1.00e-04)
Best objective -0.000000000000e+00, best bound -0.000000000000e+00, gap 0.0000%
Optimize a model with 12 rows, 5 columns and 28 nonzeros
Variable types: 3 continuous, 2 integer (2 binary)
Coefficient statistics:
  Matrix range     [1e+00, 1e+01]
  Objective range  [1e-02, 1e+00]
  Bounds range     [1e+00, 1e+03]
  RHS range        [1e+01, 1e+01]
Presolve removed 4 rows and 0 columns
Presolve time: 0.00s
Presolved: 8 rows, 5 columns, 18 nonzeros
Variable types: 3 continuous, 2 integer (2 binary)
Found heuristic solution: objective -0.0000000

Explored 0 nodes (0 simplex iterations) in 0.02 seconds
Thread count was 4 (of 4 available processors)

Solution count 1: -0 
Pool objective bound -0

Optimal solution found (tolerance 1.00e-04)
Best objective -0.000000000000e+00, best bound -0.000000000000e+00, gap 0.0000%
Optimize a model with 12 rows, 5 columns and 28 nonzeros
Variable types: 3 continuous, 2 integer (2 binary)
Coefficient statistics:
  Matrix range     [1e+00, 1e+01]
  Objective range  [2e-02, 1e+00]
  Bounds range     [1e+00, 1e+03]
  RHS range        [1e+01, 1e+01]
Presolve removed 4 rows and 0 columns
Presolve time: 0.00s
Presolved: 8 rows, 5 columns, 18 nonzeros
Variable types: 3 continuous, 2 integer (2 binary)
Found heuristic solution: objective -0.0000000

Root relaxation: objective 2.091732e-01, 4 iterations, 0.00 seconds

    Nodes    |    Current Node    |     Objective Bounds      |     Work
 Expl Unexpl |  Obj  Depth IntInf | Incumbent    BestBd   Gap | It/Node Time

*    0     0               0       0.2091732    0.20917  0.00%     -    0s

Explored 0 nodes (4 simplex iterations) in 0.02 seconds
Thread count was 4 (of 4 available processors)

Solution count 2: 0.209173 -0 
Pool objective bound 0.209173

Optimal solution found (tolerance 1.00e-04)
Best objective 2.091732446302e-01, best bound 2.091732446302e-01, gap 0.0000%
Optimize a model with 12 rows, 5 columns and 28 nonzeros
Variable types: 3 continuous, 2 integer (2 binary)
Coefficient statistics:
  Matrix range     [1e+00, 1e+01]
  Objective range  [1e-03, 1e+00]
  Bounds range     [1e+00, 1e+03]
  RHS range        [1e+01, 1e+01]
Presolve removed 3 rows and 1 columns
Presolve time: 0.00s

Explored 0 nodes (0 simplex iterations) in 0.01 seconds
Thread count was 1 (of 4 available processors)

Solution count 0
Pool objective bound 0

Model is infeasible or unbounded
Best objective -, best bound -, gap -
Optimize a model with 12 rows, 5 columns and 28 nonzeros
Variable types: 3 continuous, 2 integer (2 binary)
Coefficient statistics:
  Matrix range     [1e+00, 1e+01]
  Objective range  [1e-03, 1e+00]
  Bounds range     [1e+00, 1e+03]
  RHS range        [1e+01, 1e+01]
Presolve removed 12 rows and 5 columns
Presolve time: 0.00s
Presolve: All rows and columns removed

Explored 0 nodes (0 simplex iterations) in 0.01 seconds
Thread count was 1 (of 4 available processors)

Solution count 1: 11.9852 
Pool objective bound 11.9852

Optimal solution found (tolerance 1.00e-04)
Best objective 1.198518688681e+01, best bound 1.198518688681e+01, gap 0.0000%
Optimize a model with 12 rows, 5 columns and 28 nonzeros
Variable types: 3 continuous, 2 integer (2 binary)
Coefficient statistics:
  Matrix range     [1e+00, 1e+01]
  Objective range  [1e-02, 1e+00]
  Bounds range     [1e+00, 1e+03]
  RHS range        [1e+01, 1e+01]
Presolve time: 0.00s

Explored 0 nodes (0 simplex iterations) in 0.01 seconds
Thread count was 1 (of 4 available processors)

Solution count 0
Pool objective bound 0

Model is infeasible or unbounded
Best objective -, best bound -, gap -
Optimize a model with 12 rows, 5 columns and 28 nonzeros
Variable types: 3 continuous, 2 integer (2 binary)
Coefficient statistics:
  Matrix range     [1e+00, 1e+01]
  Objective range  [1e-02, 1e+00]
  Bounds range     [1e+00, 1e+03]
  RHS range        [1e+01, 1e+01]
Presolve removed 4 rows and 0 columns
Presolve time: 0.00s
Presolved: 8 rows, 5 columns, 18 nonzeros
Variable types: 3 continuous, 2 integer (2 binary)
Found heuristic solution: objective -0.0000000

Root relaxation: objective 1.678667e-01, 4 iterations, 0.00 seconds

    Nodes    |    Current Node    |     Objective Bounds      |     Work
 Expl Unexpl |  Obj  Depth IntInf | Incumbent    BestBd   Gap | It/Node Time

*    0     0               0       0.1678667    0.16787  0.00%     -    0s

Explored 0 nodes (4 simplex iterations) in 0.02 seconds
Thread count was 4 (of 4 available processors)

Solution count 2: 0.167867 -0 
Pool objective bound 0.167867

Optimal solution found (tolerance 1.00e-04)
Best objective 1.678666756019e-01, best bound 1.678666756019e-01, gap 0.0000%
Optimize a model with 12 rows, 5 columns and 28 nonzeros
Variable types: 3 continuous, 2 integer (2 binary)
Coefficient statistics:
  Matrix range     [1e+00, 1e+03]
  Objective range  [1e-03, 1e+00]
  Bounds range     [1e+00, 1e+03]
  RHS range        [1e+03, 1e+03]
Presolve removed 4 rows and 0 columns
Presolve time: 0.00s
Presolved: 8 rows, 5 columns, 18 nonzeros
Variable types: 3 continuous, 2 integer (2 binary)
Found heuristic solution: objective -0.0000000

Root relaxation: objective 9.853760e-01, 4 iterations, 0.00 seconds

    Nodes    |    Current Node    |     Objective Bounds      |     Work
 Expl Unexpl |  Obj  Depth IntInf | Incumbent    BestBd   Gap | It/Node Time

*    0     0               0       0.9853760    0.98538  0.00%     -    0s

Explored 0 nodes (4 simplex iterations) in 0.04 seconds
Thread count was 4 (of 4 available processors)

Solution count 2: 0.985376 -0 
Pool objective bound 0.985376

Optimal solution found (tolerance 1.00e-04)
Best objective 9.853759680092e-01, best bound 9.853759680092e-01, gap 0.0000%
Optimize a model with 12 rows, 5 columns and 28 nonzeros
Variable types: 3 continuous, 2 integer (2 binary)
Coefficient statistics:
  Matrix range     [1e+00, 1e+04]
  Objective range  [8e-03, 1e+00]
  Bounds range     [1e+00, 1e+03]
  RHS range        [1e+04, 1e+04]
Presolve removed 4 rows and 0 columns
Presolve time: 0.00s
Presolved: 8 rows, 5 columns, 18 nonzeros
Variable types: 3 continuous, 2 integer (2 binary)
Found heuristic solution: objective -0.0000000

Root relaxation: objective 8.270745e+00, 4 iterations, 0.00 seconds

    Nodes    |    Current Node    |     Objective Bounds      |     Work
 Expl Unexpl |  Obj  Depth IntInf | Incumbent    BestBd   Gap | It/Node Time

*    0     0               0       8.2707448    8.27074  0.00%     -    0s

Explored 0 nodes (4 simplex iterations) in 0.02 seconds
Thread count was 4 (of 4 available processors)

Solution count 2: 8.27074 -0 
Pool objective bound 8.27074

Optimal solution found (tolerance 1.00e-04)
Best objective 8.270744775642e+00, best bound 8.270744775642e+00, gap 0.0000%
Optimize a model with 12 rows, 5 columns and 28 nonzeros
Variable types: 3 continuous, 2 integer (2 binary)
Coefficient statistics:
  Matrix range     [1e+00, 1e+04]
  Objective range  [6e-03, 1e+00]
  Bounds range     [1e+00, 1e+03]
  RHS range        [1e+04, 1e+04]
Presolve removed 4 rows and 0 columns
Presolve time: 0.00s
Presolved: 8 rows, 5 columns, 18 nonzeros
Variable types: 3 continuous, 2 integer (2 binary)
Found heuristic solution: objective -0.0000000

Root relaxation: objective 6.211376e+00, 4 iterations, 0.00 seconds

    Nodes    |    Current Node    |     Objective Bounds      |     Work
 Expl Unexpl |  Obj  Depth IntInf | Incumbent    BestBd   Gap | It/Node Time

*    0     0               0       6.2113758    6.21138  0.00%     -    0s

Explored 0 nodes (4 simplex iterations) in 0.02 seconds
Thread count was 4 (of 4 available processors)

Solution count 2: 6.21138 -0 
Pool objective bound 6.21138

Optimal solution found (tolerance 1.00e-04)
Best objective 6.211375845880e+00, best bound 6.211375845880e+00, gap 0.0000%
Optimize a model with 12 rows, 5 columns and 28 nonzeros
Variable types: 3 continuous, 2 integer (2 binary)
Coefficient statistics:
  Matrix range     [1e+00, 1e+04]
  Objective range  [1e-02, 1e+00]
  Bounds range     [1e+00, 1e+03]
  RHS range        [1e+04, 1e+04]
Presolve removed 4 rows and 0 columns
Presolve time: 0.00s
Presolved: 8 rows, 5 columns, 18 nonzeros
Variable types: 3 continuous, 2 integer (2 binary)
Found heuristic solution: objective -0.0000000

Explored 0 nodes (0 simplex iterations) in 0.01 seconds
Thread count was 4 (of 4 available processors)

Solution count 1: -0 
Pool objective bound -0

Optimal solution found (tolerance 1.00e-04)
Best objective -0.000000000000e+00, best bound -0.000000000000e+00, gap 0.0000%
Optimize a model with 0 rows, 3 columns and 0 nonzeros
Model has 2 general constraints
Variable types: 3 continuous, 0 integer (0 binary)
Coefficient statistics:
  Matrix range     [0e+00, 0e+00]
  Objective range  [2e-03, 1e+00]
  Bounds range     [1e+03, 1e+03]
  RHS range        [0e+00, 0e+00]
Presolve removed 1 rows and 1 columns
Presolve time: 0.00s
Presolved: 3 rows, 6 columns, 7 nonzeros
Presolved model has 2 SOS constraint(s)
Variable types: 4 continuous, 2 integer (2 binary)

Root relaxation: unbounded, 0 iterations, 0.00 seconds

    Nodes    |    Current Node    |     Objective Bounds      |     Work
 Expl Unexpl |  Obj  Depth IntInf | Incumbent    BestBd   Gap | It/Node Time

     0     2  postponed    0               -          -      -     -    0s
*    1     0               1       2.1094556          -      -   2.0    0s

Explored 3 nodes (3 simplex iterations) in 0.09 seconds
Thread count was 4 (of 4 available processors)

Solution count 1: 2.10946 
Pool objective bound 2.10946

Optimal solution found (tolerance 1.00e-04)
Best objective 2.109455646810e+00, best bound 2.109455646810e+00, gap 0.0000%
Optimize a model with 12 rows, 5 columns and 28 nonzeros
Variable types: 3 continuous, 2 integer (2 binary)
Coefficient statistics:
  Matrix range     [1e+00, 1e+04]
  Objective range  [2e-03, 1e+00]
  Bounds range     [1e+00, 1e+03]
  RHS range        [1e+04, 1e+04]
Presolve removed 4 rows and 0 columns
Presolve time: 0.00s
Presolved: 8 rows, 5 columns, 18 nonzeros
Variable types: 3 continuous, 2 integer (2 binary)
Found heuristic solution: objective -0.0000000

Root relaxation: objective 2.389998e+00, 4 iterations, 0.00 seconds

    Nodes    |    Current Node    |     Objective Bounds      |     Work
 Expl Unexpl |  Obj  Depth IntInf | Incumbent    BestBd   Gap | It/Node Time

*    0     0               0       2.3899980    2.39000  0.00%     -    0s

Explored 0 nodes (4 simplex iterations) in 0.07 seconds
Thread count was 4 (of 4 available processors)

Solution count 2: 2.39 -0 
Pool objective bound 2.39

Optimal solution found (tolerance 1.00e-04)
Best objective 2.389997960587e+00, best bound 2.389997960587e+00, gap 0.0000%
Optimize a model with 12 rows, 5 columns and 28 nonzeros
Variable types: 3 continuous, 2 integer (2 binary)
Coefficient statistics:
  Matrix range     [1e+00, 1e+04]
  Objective range  [6e-03, 1e+00]
  Bounds range     [1e+00, 1e+03]
  RHS range        [1e+04, 1e+04]
Presolve removed 4 rows and 0 columns
Presolve time: 0.00s
Presolved: 8 rows, 5 columns, 18 nonzeros
Variable types: 3 continuous, 2 integer (2 binary)
Found heuristic solution: objective -0.0000000

Explored 0 nodes (0 simplex iterations) in 0.05 seconds
Thread count was 4 (of 4 available processors)

Solution count 1: -0 
Pool objective bound -0

Optimal solution found (tolerance 1.00e-04)
Best objective -0.000000000000e+00, best bound -0.000000000000e+00, gap 0.0000%
Optimize a model with 12 rows, 5 columns and 28 nonzeros
Variable types: 3 continuous, 2 integer (2 binary)
Coefficient statistics:
  Matrix range     [1e+00, 1e+04]
  Objective range  [1e-04, 1e+00]
  Bounds range     [1e+00, 1e+03]
  RHS range        [1e+04, 1e+04]
Presolve removed 4 rows and 0 columns
Presolve time: 0.00s
Presolved: 8 rows, 5 columns, 18 nonzeros
Variable types: 3 continuous, 2 integer (2 binary)
Found heuristic solution: objective -0.0000000

Root relaxation: objective 1.137528e-01, 4 iterations, 0.00 seconds

    Nodes    |    Current Node    |     Objective Bounds      |     Work
 Expl Unexpl |  Obj  Depth IntInf | Incumbent    BestBd   Gap | It/Node Time

*    0     0               0       0.1137528    0.11375  0.00%     -    0s

Explored 0 nodes (4 simplex iterations) in 0.04 seconds
Thread count was 4 (of 4 available processors)

Solution count 2: 0.113753 -0 
Pool objective bound 0.113753

Optimal solution found (tolerance 1.00e-04)
Best objective 1.137527755284e-01, best bound 1.137527755284e-01, gap 0.0000%
Optimize a model with 12 rows, 5 columns and 28 nonzeros
Variable types: 3 continuous, 2 integer (2 binary)
Coefficient statistics:
  Matrix range     [1e+00, 1e+03]
  Objective range  [2e-02, 1e+00]
  Bounds range     [1e+00, 1e+00]
  RHS range        [1e+03, 1e+03]
Found heuristic solution: objective -0
Presolve removed 4 rows and 0 columns
Presolve time: 0.00s
Presolved: 8 rows, 5 columns, 18 nonzeros
Variable types: 3 continuous, 2 integer (2 binary)

Root relaxation: objective 2.078864e+01, 4 iterations, 0.00 seconds

    Nodes    |    Current Node    |     Objective Bounds      |     Work
 Expl Unexpl |  Obj  Depth IntInf | Incumbent    BestBd   Gap | It/Node Time

*    0     0               0      20.7886439   20.78864  0.00%     -    0s

Explored 0 nodes (4 simplex iterations) in 0.07 seconds
Thread count was 4 (of 4 available processors)

Solution count 2: 20.7886 -0 
Pool objective bound 20.7886

Optimal solution found (tolerance 1.00e-04)
Best objective 2.078864394737e+01, best bound 2.078864394737e+01, gap 0.0000%
Optimize a model with 12 rows, 5 columns and 28 nonzeros
Variable types: 3 continuous, 2 integer (2 binary)
Coefficient statistics:
  Matrix range     [1e+00, 1e+03]
  Objective range  [1e-02, 1e+00]
  Bounds range     [1e+00, 1e+00]
  RHS range        [1e+01, 1e+03]
Presolve removed 4 rows and 0 columns
Presolve time: 0.00s
Presolved: 8 rows, 5 columns, 22 nonzeros
Variable types: 3 continuous, 2 integer (2 binary)
Found heuristic solution: objective 9.7834710

Explored 0 nodes (0 simplex iterations) in 0.06 seconds
Thread count was 4 (of 4 available processors)

Solution count 1: 9.78347 
Pool objective bound 9.78347

Optimal solution found (tolerance 1.00e-04)
Best objective 9.783470986618e+00, best bound 9.783470986618e+00, gap 0.0000%
Optimize a model with 0 rows, 3 columns and 0 nonzeros
Model has 2 general constraints
Variable types: 3 continuous, 0 integer (0 binary)
Coefficient statistics:
  Matrix range     [0e+00, 0e+00]
  Objective range  [1e-02, 1e+00]
  Bounds range     [0e+00, 0e+00]
  RHS range        [0e+00, 0e+00]
Presolve removed 2 rows and 3 columns
Presolve time: 0.00s
Presolve: All rows and columns removed

Explored 0 nodes (0 simplex iterations) in 0.02 seconds
Thread count was 1 (of 4 available processors)

Solution count 1: 19.7949 
Pool objective bound 19.7949

Optimal solution found (tolerance 1.00e-04)
Best objective 1.979492621081e+01, best bound 1.979492621081e+01, gap 0.0000%
Optimize a model with 0 rows, 3 columns and 0 nonzeros
Model has 2 general constraints
Variable types: 3 continuous, 0 integer (0 binary)
Coefficient statistics:
  Matrix range     [0e+00, 0e+00]
  Objective range  [1e-02, 1e+00]
  Bounds range     [0e+00, 0e+00]
  RHS range        [0e+00, 0e+00]
Presolve removed 2 rows and 3 columns
Presolve time: 0.00s
Presolve: All rows and columns removed

Explored 0 nodes (0 simplex iterations) in 0.04 seconds
Thread count was 1 (of 4 available processors)

Solution count 1: 19.7835 
Pool objective bound 19.7835

Optimal solution found (tolerance 1.00e-04)
Best objective 1.978347098662e+01, best bound 1.978347098662e+01, gap 0.0000%
Optimize a model with 0 rows, 3 columns and 0 nonzeros
Model has 2 general constraints
Variable types: 3 continuous, 0 integer (0 binary)
Coefficient statistics:
  Matrix range     [0e+00, 0e+00]
  Objective range  [1e-02, 1e+00]
  Bounds range     [0e+00, 0e+00]
  RHS range        [0e+00, 0e+00]
Presolve removed 2 rows and 3 columns
Presolve time: 0.00s
Presolve: All rows and columns removed

Explored 0 nodes (0 simplex iterations) in 0.03 seconds
Thread count was 1 (of 4 available processors)

Solution count 1: 19.7835 
Pool objective bound 19.7835

Optimal solution found (tolerance 1.00e-04)
Best objective 1.978347098662e+01, best bound 1.978347098662e+01, gap 0.0000%
Optimize a model with 0 rows, 3 columns and 0 nonzeros
Model has 2 general constraints
Variable types: 3 continuous, 0 integer (0 binary)
Coefficient statistics:
  Matrix range     [0e+00, 0e+00]
  Objective range  [1e-02, 1e+00]
  Bounds range     [0e+00, 0e+00]
  RHS range        [0e+00, 0e+00]
Presolve removed 2 rows and 3 columns
Presolve time: 0.00s
Presolve: All rows and columns removed

Explored 0 nodes (0 simplex iterations) in 0.02 seconds
Thread count was 1 (of 4 available processors)

Solution count 1: 9.78347 
Pool objective bound 9.78347

Optimal solution found (tolerance 1.00e-04)
Best objective 9.783470986618e+00, best bound 9.783470986618e+00, gap 0.0000%
Optimize a model with 12 rows, 5 columns and 28 nonzeros
Variable types: 3 continuous, 2 integer (2 binary)
Coefficient statistics:
  Matrix range     [1e+00, 1e+03]
  Objective range  [1e-02, 1e+00]
  Bounds range     [1e+00, 1e+00]
  RHS range        [1e+01, 1e+03]
Presolve removed 4 rows and 0 columns
Presolve time: 0.00s
Presolved: 8 rows, 5 columns, 22 nonzeros
Variable types: 3 continuous, 2 integer (2 binary)
Found heuristic solution: objective 9.7087673

Explored 0 nodes (0 simplex iterations) in 0.03 seconds
Thread count was 4 (of 4 available processors)

Solution count 1: 9.70877 
Pool objective bound 9.70877

Optimal solution found (tolerance 1.00e-04)
Best objective 9.708767337393e+00, best bound 9.708767337393e+00, gap 0.0000%
Optimize a model with 12 rows, 5 columns and 28 nonzeros
Variable types: 3 continuous, 2 integer (2 binary)
Coefficient statistics:
  Matrix range     [1e+00, 1e+03]
  Objective range  [7e-03, 1e+00]
  Bounds range     [1e+00, 1e+00]
  RHS range        [5e+00, 1e+03]
Presolve removed 4 rows and 0 columns
Presolve time: 0.00s
Presolved: 8 rows, 5 columns, 22 nonzeros
Variable types: 3 continuous, 2 integer (2 binary)
Found heuristic solution: objective -6.0344712

Explored 0 nodes (0 simplex iterations) in 0.03 seconds
Thread count was 4 (of 4 available processors)

Solution count 1: -6.03447 
Pool objective bound -6.03447

Optimal solution found (tolerance 1.00e-04)
Best objective -6.034471217237e+00, best bound -6.034471217237e+00, gap 0.0000%
Optimize a model with 0 rows, 3 columns and 0 nonzeros
Model has 2 general constraints
Variable types: 3 continuous, 0 integer (0 binary)
Coefficient statistics:
  Matrix range     [0e+00, 0e+00]
  Objective range  [7e-03, 1e+00]
  Bounds range     [0e+00, 0e+00]
  RHS range        [0e+00, 0e+00]
Presolve removed 2 rows and 3 columns
Presolve time: 0.00s
Presolve: All rows and columns removed

Explored 0 nodes (0 simplex iterations) in 0.02 seconds
Thread count was 1 (of 4 available processors)

Solution count 1: -6.03447 
Pool objective bound -6.03447

Optimal solution found (tolerance 1.00e-04)
Best objective -6.034471217237e+00, best bound -6.034471217237e+00, gap 0.0000%
Optimize a model with 12 rows, 5 columns and 28 nonzeros
Variable types: 3 continuous, 2 integer (2 binary)
Coefficient statistics:
  Matrix range     [1e+00, 1e+03]
  Objective range  [5e-04, 1e+00]
  Bounds range     [1e+00, 1e+00]
  RHS range        [5e+00, 1e+03]
Presolve removed 4 rows and 0 columns
Presolve time: 0.00s
Presolved: 8 rows, 5 columns, 22 nonzeros
Variable types: 3 continuous, 2 integer (2 binary)
Found heuristic solution: objective -6.0025560

Explored 0 nodes (0 simplex iterations) in 0.03 seconds
Thread count was 4 (of 4 available processors)

Solution count 1: -6.00256 
Pool objective bound -6.00256

Optimal solution found (tolerance 1.00e-04)
Best objective -6.002556029232e+00, best bound -6.002556029232e+00, gap 0.0000%
Optimize a model with 12 rows, 5 columns and 28 nonzeros
Variable types: 3 continuous, 2 integer (2 binary)
Coefficient statistics:
  Matrix range     [1e+00, 1e+03]
  Objective range  [2e-03, 1e+00]
  Bounds range     [1e+00, 1e+00]
  RHS range        [5e+00, 1e+03]
Presolve removed 4 rows and 0 columns
Presolve time: 0.00s
Presolved: 8 rows, 5 columns, 22 nonzeros
Variable types: 3 continuous, 2 integer (2 binary)
Found heuristic solution: objective -5.9889575

Root relaxation: objective -3.804742e+00, 3 iterations, 0.00 seconds

    Nodes    |    Current Node    |     Objective Bounds      |     Work
 Expl Unexpl |  Obj  Depth IntInf | Incumbent    BestBd   Gap | It/Node Time

*    0     0               0      -3.8047422   -3.80474  0.00%     -    0s

Explored 0 nodes (3 simplex iterations) in 0.05 seconds
Thread count was 4 (of 4 available processors)

Solution count 2: -3.80474 -5.98896 
Pool objective bound -3.80474

Optimal solution found (tolerance 1.00e-04)
Best objective -3.804742187369e+00, best bound -3.804742187369e+00, gap 0.0000%
Optimize a model with 0 rows, 3 columns and 0 nonzeros
Model has 2 general constraints
Variable types: 3 continuous, 0 integer (0 binary)
Coefficient statistics:
  Matrix range     [0e+00, 0e+00]
  Objective range  [2e-03, 1e+00]
  Bounds range     [0e+00, 0e+00]
  RHS range        [0e+00, 0e+00]
Presolve removed 4 rows and 5 columns
Presolve time: 0.00s

Explored 0 nodes (0 simplex iterations) in 0.01 seconds
Thread count was 1 (of 4 available processors)

Solution count 0
Pool objective bound 0

Model is unbounded
Best objective -, best bound -, gap -
Optimize a model with 0 rows, 3 columns and 0 nonzeros
Model has 2 general constraints
Variable types: 3 continuous, 0 integer (0 binary)
Coefficient statistics:
  Matrix range     [0e+00, 0e+00]
  Objective range  [2e-03, 1e+00]
  Bounds range     [1e+03, 1e+03]
  RHS range        [0e+00, 0e+00]
Presolve removed 1 rows and 1 columns
Presolve time: 0.00s
Presolved: 3 rows, 6 columns, 7 nonzeros
Presolved model has 2 SOS constraint(s)
Variable types: 4 continuous, 2 integer (2 binary)

Root relaxation: unbounded, 0 iterations, 0.00 seconds

    Nodes    |    Current Node    |     Objective Bounds      |     Work
 Expl Unexpl |  Obj  Depth IntInf | Incumbent    BestBd   Gap | It/Node Time

     0     2  postponed    0               -          -      -     -    0s
*    1     0               1      -3.7914911          -      -   2.0    0s

Explored 3 nodes (3 simplex iterations) in 0.08 seconds
Thread count was 4 (of 4 available processors)

Solution count 1: -3.79149 
Pool objective bound -3.79149

Optimal solution found (tolerance 1.00e-04)
Best objective -3.791491134174e+00, best bound -3.791491134174e+00, gap 0.0000%
Optimize a model with 0 rows, 3 columns and 0 nonzeros
Model has 2 general constraints
Variable types: 3 continuous, 0 integer (0 binary)
Coefficient statistics:
  Matrix range     [0e+00, 0e+00]
  Objective range  [2e-03, 1e+00]
  Bounds range     [1e+03, 1e+03]
  RHS range        [0e+00, 0e+00]
Presolve removed 1 rows and 1 columns
Presolve time: 0.00s
Presolved: 3 rows, 6 columns, 7 nonzeros
Presolved model has 2 SOS constraint(s)
Variable types: 4 continuous, 2 integer (2 binary)

Root relaxation: unbounded, 0 iterations, 0.00 seconds

    Nodes    |    Current Node    |     Objective Bounds      |     Work
 Expl Unexpl |  Obj  Depth IntInf | Incumbent    BestBd   Gap | It/Node Time

     0     2  postponed    0               -          -      -     -    0s
*    1     0               1      -3.7914911          -      -   2.0    0s

Explored 3 nodes (3 simplex iterations) in 0.10 seconds
Thread count was 4 (of 4 available processors)

Solution count 1: -3.79149 
Pool objective bound -3.79149

Optimal solution found (tolerance 1.00e-04)
Best objective -3.791491134174e+00, best bound -3.791491134174e+00, gap 0.0000%
Optimize a model with 12 rows, 5 columns and 28 nonzeros
Variable types: 3 continuous, 2 integer (2 binary)
Coefficient statistics:
  Matrix range     [1e+00, 1e+04]
  Objective range  [2e-03, 1e+00]
  Bounds range     [1e+00, 1e+03]
  RHS range        [5e+00, 1e+04]
Presolve removed 4 rows and 0 columns
Presolve time: 0.00s
Presolved: 8 rows, 5 columns, 22 nonzeros
Variable types: 3 continuous, 2 integer (2 binary)
Found heuristic solution: objective -5.9889575

Root relaxation: objective -3.791491e+00, 3 iterations, 0.00 seconds

    Nodes    |    Current Node    |     Objective Bounds      |     Work
 Expl Unexpl |  Obj  Depth IntInf | Incumbent    BestBd   Gap | It/Node Time

*    0     0               0      -3.7914911   -3.79149  0.00%     -    0s

Explored 0 nodes (3 simplex iterations) in 0.04 seconds
Thread count was 4 (of 4 available processors)

Solution count 2: -3.79149 -5.98896 
Pool objective bound -3.79149

Optimal solution found (tolerance 1.00e-04)
Best objective -3.791491134174e+00, best bound -3.791491134174e+00, gap 0.0000%
Optimize a model with 12 rows, 5 columns and 28 nonzeros
Variable types: 3 continuous, 2 integer (2 binary)
Coefficient statistics:
  Matrix range     [1e+00, 1e+04]
  Objective range  [8e-03, 1e+00]
  Bounds range     [1e+00, 1e+03]
  RHS range        [1e+04, 1e+04]
Presolve removed 4 rows and 0 columns
Presolve time: 0.00s
Presolved: 8 rows, 5 columns, 18 nonzeros
Variable types: 3 continuous, 2 integer (2 binary)
Found heuristic solution: objective -0.0000000

Explored 0 nodes (0 simplex iterations) in 0.05 seconds
Thread count was 4 (of 4 available processors)

Solution count 1: -0 
Pool objective bound -0

Optimal solution found (tolerance 1.00e-04)
Best objective -0.000000000000e+00, best bound -0.000000000000e+00, gap 0.0000%
Optimize a model with 12 rows, 5 columns and 28 nonzeros
Variable types: 3 continuous, 2 integer (2 binary)
Coefficient statistics:
  Matrix range     [1e+00, 1e+04]
  Objective range  [2e-03, 1e+00]
  Bounds range     [1e+00, 1e+03]
  RHS range        [1e+04, 1e+04]
Presolve removed 4 rows and 0 columns
Presolve time: 0.00s
Presolved: 8 rows, 5 columns, 18 nonzeros
Variable types: 3 continuous, 2 integer (2 binary)
Found heuristic solution: objective -0.0000000

Root relaxation: objective 2.411484e+00, 4 iterations, 0.00 seconds

    Nodes    |    Current Node    |     Objective Bounds      |     Work
 Expl Unexpl |  Obj  Depth IntInf | Incumbent    BestBd   Gap | It/Node Time

*    0     0               0       2.4114837    2.41148  0.00%     -    0s

Explored 0 nodes (4 simplex iterations) in 0.06 seconds
Thread count was 4 (of 4 available processors)

Solution count 2: 2.41148 -0 
Pool objective bound 2.41148

Optimal solution found (tolerance 1.00e-04)
Best objective 2.411483668620e+00, best bound 2.411483668620e+00, gap 0.0000%
Optimize a model with 12 rows, 5 columns and 28 nonzeros
Variable types: 3 continuous, 2 integer (2 binary)
Coefficient statistics:
  Matrix range     [1e+00, 1e+04]
  Objective range  [3e-01, 1e+00]
  Bounds range     [1e+00, 1e+03]
  RHS range        [1e+04, 1e+04]
Presolve removed 4 rows and 0 columns
Presolve time: 0.00s
Presolved: 8 rows, 5 columns, 18 nonzeros
Variable types: 3 continuous, 2 integer (2 binary)
Found heuristic solution: objective -0.0000000

Root relaxation: objective 3.079059e+02, 4 iterations, 0.00 seconds

    Nodes    |    Current Node    |     Objective Bounds      |     Work
 Expl Unexpl |  Obj  Depth IntInf | Incumbent    BestBd   Gap | It/Node Time

*    0     0               0     307.9059195  307.90592  0.00%     -    0s

Explored 0 nodes (4 simplex iterations) in 0.04 seconds
Thread count was 4 (of 4 available processors)

Solution count 2: 307.906 -0 
Pool objective bound 307.906

Optimal solution found (tolerance 1.00e-04)
Best objective 3.079059195455e+02, best bound 3.079059195455e+02, gap 0.0000%
Optimize a model with 12 rows, 5 columns and 28 nonzeros
Variable types: 3 continuous, 2 integer (2 binary)
Coefficient statistics:
  Matrix range     [1e+00, 1e+04]
  Objective range  [7e-01, 1e+00]
  Bounds range     [1e+00, 1e+03]
  RHS range        [1e+04, 1e+04]
Presolve removed 4 rows and 0 columns
Presolve time: 0.00s
Presolved: 8 rows, 5 columns, 18 nonzeros
Variable types: 3 continuous, 2 integer (2 binary)
Found heuristic solution: objective -0.0000000

Root relaxation: objective 6.726606e+02, 4 iterations, 0.00 seconds

    Nodes    |    Current Node    |     Objective Bounds      |     Work
 Expl Unexpl |  Obj  Depth IntInf | Incumbent    BestBd   Gap | It/Node Time

*    0     0               0     672.6606233  672.66062  0.00%     -    0s

Explored 0 nodes (4 simplex iterations) in 0.06 seconds
Thread count was 4 (of 4 available processors)

Solution count 2: 672.661 -0 
Pool objective bound 672.661

Optimal solution found (tolerance 1.00e-04)
Best objective 6.726606232943e+02, best bound 6.726606232943e+02, gap 0.0000%
Optimize a model with 12 rows, 5 columns and 28 nonzeros
Variable types: 3 continuous, 2 integer (2 binary)
Coefficient statistics:
  Matrix range     [1e+00, 1e+04]
  Objective range  [1e+00, 2e+00]
  Bounds range     [1e+00, 1e+03]
  RHS range        [1e+04, 1e+04]
Presolve removed 4 rows and 0 columns
Presolve time: 0.00s
Presolved: 8 rows, 5 columns, 18 nonzeros
Variable types: 3 continuous, 2 integer (2 binary)
Found heuristic solution: objective -0.0000000

Explored 0 nodes (0 simplex iterations) in 0.03 seconds
Thread count was 4 (of 4 available processors)

Solution count 1: -0 
Pool objective bound -0

Optimal solution found (tolerance 1.00e-04)
Best objective -0.000000000000e+00, best bound -0.000000000000e+00, gap 0.0000%
Optimize a model with 12 rows, 5 columns and 28 nonzeros
Variable types: 3 continuous, 2 integer (2 binary)
Coefficient statistics:
  Matrix range     [1e+00, 1e+04]
  Objective range  [3e-02, 1e+00]
  Bounds range     [1e+00, 1e+03]
  RHS range        [1e+04, 1e+04]
Presolve removed 4 rows and 0 columns
Presolve time: 0.00s
Presolved: 8 rows, 5 columns, 18 nonzeros
Variable types: 3 continuous, 2 integer (2 binary)
Found heuristic solution: objective -0.0000000

Explored 0 nodes (0 simplex iterations) in 0.03 seconds
Thread count was 4 (of 4 available processors)

Solution count 1: -0 
Pool objective bound -0

Optimal solution found (tolerance 1.00e-04)
Best objective -0.000000000000e+00, best bound -0.000000000000e+00, gap 0.0000%
Optimize a model with 12 rows, 5 columns and 28 nonzeros
Variable types: 3 continuous, 2 integer (2 binary)
Coefficient statistics:
  Matrix range     [1e+00, 1e+04]
  Objective range  [1e-02, 1e+00]
  Bounds range     [1e+00, 1e+03]
  RHS range        [1e+04, 1e+04]
Presolve removed 4 rows and 0 columns
Presolve time: 0.00s
Presolved: 8 rows, 5 columns, 18 nonzeros
Variable types: 3 continuous, 2 integer (2 binary)
Found heuristic solution: objective -0.0000000

Root relaxation: objective 1.334660e+01, 4 iterations, 0.00 seconds

    Nodes    |    Current Node    |     Objective Bounds      |     Work
 Expl Unexpl |  Obj  Depth IntInf | Incumbent    BestBd   Gap | It/Node Time

*    0     0               0      13.3465967   13.34660  0.00%     -    0s

Explored 0 nodes (4 simplex iterations) in 0.03 seconds
Thread count was 4 (of 4 available processors)

Solution count 2: 13.3466 -0 
Pool objective bound 13.3466

Optimal solution found (tolerance 1.00e-04)
Best objective 1.334659666017e+01, best bound 1.334659666017e+01, gap 0.0000%
Optimize a model with 12 rows, 5 columns and 28 nonzeros
Variable types: 3 continuous, 2 integer (2 binary)
Coefficient statistics:
  Matrix range     [1e+00, 1e+04]
  Objective range  [1e-02, 1e+00]
  Bounds range     [1e+00, 1e+03]
  RHS range        [1e+04, 1e+04]
Presolve removed 4 rows and 0 columns
Presolve time: 0.00s
Presolved: 8 rows, 5 columns, 18 nonzeros
Variable types: 3 continuous, 2 integer (2 binary)
Found heuristic solution: objective -0.0000000

Root relaxation: objective 1.450885e+01, 4 iterations, 0.00 seconds

    Nodes    |    Current Node    |     Objective Bounds      |     Work
 Expl Unexpl |  Obj  Depth IntInf | Incumbent    BestBd   Gap | It/Node Time

*    0     0               0      14.5088543   14.50885  0.00%     -    0s

Explored 0 nodes (4 simplex iterations) in 0.03 seconds
Thread count was 4 (of 4 available processors)

Solution count 2: 14.5089 -0 
Pool objective bound 14.5089

Optimal solution found (tolerance 1.00e-04)
Best objective 1.450885426333e+01, best bound 1.450885426333e+01, gap 0.0000%
Optimize a model with 12 rows, 5 columns and 28 nonzeros
Variable types: 3 continuous, 2 integer (2 binary)
Coefficient statistics:
  Matrix range     [1e+00, 1e+04]
  Objective range  [2e-02, 1e+00]
  Bounds range     [1e+00, 1e+03]
  RHS range        [1e+04, 1e+04]
Presolve removed 4 rows and 0 columns
Presolve time: 0.00s
Presolved: 8 rows, 5 columns, 18 nonzeros
Variable types: 3 continuous, 2 integer (2 binary)
Found heuristic solution: objective -0.0000000

Root relaxation: objective 1.560103e+01, 4 iterations, 0.00 seconds

    Nodes    |    Current Node    |     Objective Bounds      |     Work
 Expl Unexpl |  Obj  Depth IntInf | Incumbent    BestBd   Gap | It/Node Time

*    0     0               0      15.6010269   15.60103  0.00%     -    0s

Explored 0 nodes (4 simplex iterations) in 0.03 seconds
Thread count was 4 (of 4 available processors)

Solution count 2: 15.601 -0 
Pool objective bound 15.601

Optimal solution found (tolerance 1.00e-04)
Best objective 1.560102690461e+01, best bound 1.560102690461e+01, gap 0.0000%
Optimize a model with 12 rows, 5 columns and 28 nonzeros
Variable types: 3 continuous, 2 integer (2 binary)
Coefficient statistics:
  Matrix range     [1e+00, 1e+04]
  Objective range  [9e-04, 1e+00]
  Bounds range     [1e+00, 1e+03]
  RHS range        [1e+04, 1e+04]
Presolve removed 4 rows and 0 columns
Presolve time: 0.00s
Presolved: 8 rows, 5 columns, 18 nonzeros
Variable types: 3 continuous, 2 integer (2 binary)
Found heuristic solution: objective -0.0000000

Explored 0 nodes (0 simplex iterations) in 0.01 seconds
Thread count was 4 (of 4 available processors)

Solution count 1: -0 
Pool objective bound -0

Optimal solution found (tolerance 1.00e-04)
Best objective -0.000000000000e+00, best bound -0.000000000000e+00, gap 0.0000%
Optimize a model with 12 rows, 5 columns and 28 nonzeros
Variable types: 3 continuous, 2 integer (2 binary)
Coefficient statistics:
  Matrix range     [1e+00, 1e+04]
  Objective range  [4e-03, 1e+00]
  Bounds range     [1e+00, 1e+03]
  RHS range        [1e+01, 1e+04]
Presolve removed 4 rows and 0 columns
Presolve time: 0.00s
Presolved: 8 rows, 5 columns, 22 nonzeros
Variable types: 3 continuous, 2 integer (2 binary)
Found heuristic solution: objective 10.0818268

Root relaxation: objective 1.409134e+01, 3 iterations, 0.00 seconds

    Nodes    |    Current Node    |     Objective Bounds      |     Work
 Expl Unexpl |  Obj  Depth IntInf | Incumbent    BestBd   Gap | It/Node Time

*    0     0               0      14.0913399   14.09134  0.00%     -    0s

Explored 0 nodes (3 simplex iterations) in 0.02 seconds
Thread count was 4 (of 4 available processors)

Solution count 2: 14.0913 10.0818 
Pool objective bound 14.0913

Optimal solution found (tolerance 1.00e-04)
Best objective 1.409133988466e+01, best bound 1.409133988466e+01, gap 0.0000%
Optimize a model with 12 rows, 5 columns and 28 nonzeros
Variable types: 3 continuous, 2 integer (2 binary)
Coefficient statistics:
  Matrix range     [1e+00, 1e+04]
  Objective range  [6e-03, 1e+00]
  Bounds range     [1e+00, 1e+03]
  RHS range        [5e+00, 1e+04]
Presolve removed 4 rows and 0 columns
Presolve time: 0.00s
Presolved: 8 rows, 5 columns, 22 nonzeros
Variable types: 3 continuous, 2 integer (2 binary)
Found heuristic solution: objective -6.0289147

Explored 0 nodes (0 simplex iterations) in 0.02 seconds
Thread count was 4 (of 4 available processors)

Solution count 1: -6.02891 
Pool objective bound -6.02891

Optimal solution found (tolerance 1.00e-04)
Best objective -6.028914671075e+00, best bound -6.028914671075e+00, gap 0.0000%
Optimize a model with 12 rows, 5 columns and 28 nonzeros
Variable types: 3 continuous, 2 integer (2 binary)
Coefficient statistics:
  Matrix range     [1e+00, 1e+04]
  Objective range  [4e-03, 1e+00]
  Bounds range     [1e+00, 1e+03]
  RHS range        [1e+04, 1e+04]
Presolve removed 4 rows and 0 columns
Presolve time: 0.00s
Presolved: 8 rows, 5 columns, 18 nonzeros
Variable types: 3 continuous, 2 integer (2 binary)
Found heuristic solution: objective -0.0000000

Root relaxation: objective 3.619822e+00, 4 iterations, 0.00 seconds

    Nodes    |    Current Node    |     Objective Bounds      |     Work
 Expl Unexpl |  Obj  Depth IntInf | Incumbent    BestBd   Gap | It/Node Time

*    0     0               0       3.6198216    3.61982  0.00%     -    0s

Explored 0 nodes (4 simplex iterations) in 0.02 seconds
Thread count was 4 (of 4 available processors)

Solution count 2: 3.61982 -0 
Pool objective bound 3.61982

Optimal solution found (tolerance 1.00e-04)
Best objective 3.619821582447e+00, best bound 3.619821582447e+00, gap 0.0000%
Optimize a model with 12 rows, 5 columns and 28 nonzeros
Variable types: 3 continuous, 2 integer (2 binary)
Coefficient statistics:
  Matrix range     [1e+00, 1e+04]
  Objective range  [6e-03, 1e+00]
  Bounds range     [1e+00, 1e+03]
  RHS range        [1e+04, 1e+04]
Presolve removed 4 rows and 0 columns
Presolve time: 0.00s
Presolved: 8 rows, 5 columns, 18 nonzeros
Variable types: 3 continuous, 2 integer (2 binary)
Found heuristic solution: objective -0.0000000

Explored 0 nodes (0 simplex iterations) in 0.02 seconds
Thread count was 4 (of 4 available processors)

Solution count 1: -0 
Pool objective bound -0

Optimal solution found (tolerance 1.00e-04)
Best objective -0.000000000000e+00, best bound -0.000000000000e+00, gap 0.0000%
Optimize a model with 12 rows, 5 columns and 28 nonzeros
Variable types: 3 continuous, 2 integer (2 binary)
Coefficient statistics:
  Matrix range     [1e+00, 1e+04]
  Objective range  [2e-02, 1e+00]
  Bounds range     [1e+00, 1e+03]
  RHS range        [1e+04, 1e+04]
Presolve removed 4 rows and 0 columns
Presolve time: 0.00s
Presolved: 8 rows, 5 columns, 18 nonzeros
Variable types: 3 continuous, 2 integer (2 binary)
Found heuristic solution: objective -0.0000000

Root relaxation: objective 1.549196e+01, 4 iterations, 0.00 seconds

    Nodes    |    Current Node    |     Objective Bounds      |     Work
 Expl Unexpl |  Obj  Depth IntInf | Incumbent    BestBd   Gap | It/Node Time

*    0     0               0      15.4919630   15.49196  0.00%     -    0s

Explored 0 nodes (4 simplex iterations) in 0.03 seconds
Thread count was 4 (of 4 available processors)

Solution count 2: 15.492 -0 
Pool objective bound 15.492

Optimal solution found (tolerance 1.00e-04)
Best objective 1.549196299152e+01, best bound 1.549196299152e+01, gap 0.0000%

Gurobi 7.0.2 (win64, Python) logging started 06/22/18 18:45:38

